[2026-03-17T07:44:41.678+0000] {manager.py:470} INFO - Processing files using up to 2 processes at a time 
[2026-03-17T07:44:41.678+0000] {manager.py:471} INFO - Process each file at most once every 30 seconds
[2026-03-17T07:44:41.678+0000] {manager.py:472} INFO - Checking for new files in /opt/airflow/dags every 300 seconds
[2026-03-17T07:44:41.679+0000] {manager.py:737} INFO - Searching for files in /opt/airflow/dags
[2026-03-17T07:44:41.680+0000] {manager.py:740} INFO - There are 1 files in /opt/airflow/dags
[2026-03-17T07:44:41.759+0000] {manager.py:878} INFO - 
================================================================================
DAG File Processing Stats

File Path                                  PID  Runtime      # DAGs    # Errors  Last Runtime    Last Run
---------------------------------------  -----  ---------  --------  ----------  --------------  ----------
/opt/airflow/dags/pipeline_documents.py    164  0.04s             0           0
================================================================================
[2026-03-17T07:45:11.949+0000] {manager.py:878} INFO - 
================================================================================
DAG File Processing Stats

File Path                                  PID  Runtime      # DAGs    # Errors  Last Runtime    Last Run
---------------------------------------  -----  ---------  --------  ----------  --------------  -------------------
/opt/airflow/dags/pipeline_documents.py    169  0.01s             1           0  0.09s           2026-03-17T07:44:41
================================================================================
[2026-03-17T07:45:42.224+0000] {manager.py:878} INFO - 
================================================================================
DAG File Processing Stats

File Path                                  PID  Runtime      # DAGs    # Errors  Last Runtime    Last Run
---------------------------------------  -----  ---------  --------  ----------  --------------  -------------------
/opt/airflow/dags/pipeline_documents.py    174  0.01s             1           0  0.16s           2026-03-17T07:45:12
================================================================================
[2026-03-17T07:46:12.499+0000] {manager.py:878} INFO - 
================================================================================
DAG File Processing Stats

File Path                                  PID  Runtime      # DAGs    # Errors  Last Runtime    Last Run
---------------------------------------  -----  ---------  --------  ----------  --------------  -------------------
/opt/airflow/dags/pipeline_documents.py    187  0.00s             1           0  0.07s           2026-03-17T07:45:42
================================================================================
[2026-03-17T07:46:42.750+0000] {manager.py:878} INFO - 
================================================================================
DAG File Processing Stats

File Path                                  PID  Runtime      # DAGs    # Errors  Last Runtime    Last Run
---------------------------------------  -----  ---------  --------  ----------  --------------  -------------------
/opt/airflow/dags/pipeline_documents.py    192  0.00s             1           0  0.06s           2026-03-17T07:46:12
================================================================================
[2026-03-17T07:47:13.011+0000] {manager.py:878} INFO - 
================================================================================
DAG File Processing Stats

File Path                                  PID  Runtime      # DAGs    # Errors  Last Runtime    Last Run
---------------------------------------  -----  ---------  --------  ----------  --------------  -------------------
/opt/airflow/dags/pipeline_documents.py    197  0.01s             1           0  0.05s           2026-03-17T07:46:42
================================================================================
[2026-03-17T07:47:43.253+0000] {manager.py:878} INFO - 
================================================================================
DAG File Processing Stats

File Path                                  PID  Runtime      # DAGs    # Errors  Last Runtime    Last Run
---------------------------------------  -----  ---------  --------  ----------  --------------  -------------------
/opt/airflow/dags/pipeline_documents.py    202  0.01s             1           0  0.07s           2026-03-17T07:47:13
================================================================================
[2026-03-17T07:48:13.501+0000] {manager.py:878} INFO - 
================================================================================
DAG File Processing Stats

File Path                                  PID  Runtime      # DAGs    # Errors  Last Runtime    Last Run
---------------------------------------  -----  ---------  --------  ----------  --------------  -------------------
/opt/airflow/dags/pipeline_documents.py    207  0.01s             1           0  0.07s           2026-03-17T07:47:43
================================================================================
[2026-03-17T07:48:43.738+0000] {manager.py:878} INFO - 
================================================================================
DAG File Processing Stats

File Path                                  PID  Runtime      # DAGs    # Errors  Last Runtime    Last Run
---------------------------------------  -----  ---------  --------  ----------  --------------  -------------------
/opt/airflow/dags/pipeline_documents.py    212  0.00s             1           0  0.07s           2026-03-17T07:48:13
================================================================================
[2026-03-17T07:49:13.991+0000] {manager.py:878} INFO - 
================================================================================
DAG File Processing Stats

File Path                                  PID  Runtime      # DAGs    # Errors  Last Runtime    Last Run
---------------------------------------  -----  ---------  --------  ----------  --------------  -------------------
/opt/airflow/dags/pipeline_documents.py    217  0.00s             1           0  0.05s           2026-03-17T07:48:43
================================================================================
[2026-03-17T07:49:42.218+0000] {manager.py:737} INFO - Searching for files in /opt/airflow/dags
[2026-03-17T07:49:42.225+0000] {manager.py:740} INFO - There are 1 files in /opt/airflow/dags
[2026-03-17T07:49:44.256+0000] {manager.py:878} INFO - 
================================================================================
DAG File Processing Stats

File Path                                  PID  Runtime      # DAGs    # Errors  Last Runtime    Last Run
---------------------------------------  -----  ---------  --------  ----------  --------------  -------------------
/opt/airflow/dags/pipeline_documents.py    222  0.00s             1           0  0.05s           2026-03-17T07:49:14
================================================================================
[2026-03-17T07:50:14.500+0000] {manager.py:878} INFO - 
================================================================================
DAG File Processing Stats

File Path                                  PID  Runtime      # DAGs    # Errors  Last Runtime    Last Run
---------------------------------------  -----  ---------  --------  ----------  --------------  -------------------
/opt/airflow/dags/pipeline_documents.py    227  0.01s             1           0  0.06s           2026-03-17T07:49:44
================================================================================
[2026-03-17T07:50:44.755+0000] {manager.py:878} INFO - 
================================================================================
DAG File Processing Stats

File Path                                  PID  Runtime      # DAGs    # Errors  Last Runtime    Last Run
---------------------------------------  -----  ---------  --------  ----------  --------------  -------------------
/opt/airflow/dags/pipeline_documents.py    232  0.00s             1           0  0.08s           2026-03-17T07:50:14
================================================================================
[2026-03-17T07:51:15.001+0000] {manager.py:878} INFO - 
================================================================================
DAG File Processing Stats

File Path                                  PID  Runtime      # DAGs    # Errors  Last Runtime    Last Run
---------------------------------------  -----  ---------  --------  ----------  --------------  -------------------
/opt/airflow/dags/pipeline_documents.py    237  0.01s             1           0  0.05s           2026-03-17T07:50:44
================================================================================
[2026-03-17T07:51:45.274+0000] {manager.py:878} INFO - 
================================================================================
DAG File Processing Stats

File Path                                  PID  Runtime      # DAGs    # Errors  Last Runtime    Last Run
---------------------------------------  -----  ---------  --------  ----------  --------------  -------------------
/opt/airflow/dags/pipeline_documents.py    242  0.01s             1           0  0.06s           2026-03-17T07:51:15
================================================================================
[2026-03-17T07:52:15.543+0000] {manager.py:878} INFO - 
================================================================================
DAG File Processing Stats

File Path                                  PID  Runtime      # DAGs    # Errors  Last Runtime    Last Run
---------------------------------------  -----  ---------  --------  ----------  --------------  -------------------
/opt/airflow/dags/pipeline_documents.py    247  0.01s             1           0  0.06s           2026-03-17T07:51:45
================================================================================
[2026-03-17T07:52:45.807+0000] {manager.py:878} INFO - 
================================================================================
DAG File Processing Stats

File Path                                  PID  Runtime      # DAGs    # Errors  Last Runtime    Last Run
---------------------------------------  -----  ---------  --------  ----------  --------------  -------------------
/opt/airflow/dags/pipeline_documents.py    252  0.00s             1           0  0.07s           2026-03-17T07:52:15
================================================================================
[2026-03-17T07:52:53.404+0000] {manager.py:452} INFO - Exiting gracefully upon receiving signal 15
[2026-03-17T07:53:37.763+0000] {manager.py:470} INFO - Processing files using up to 2 processes at a time 
[2026-03-17T07:53:37.764+0000] {manager.py:471} INFO - Process each file at most once every 30 seconds
[2026-03-17T07:53:37.766+0000] {manager.py:472} INFO - Checking for new files in /opt/airflow/dags every 300 seconds
[2026-03-17T07:53:37.767+0000] {manager.py:737} INFO - Searching for files in /opt/airflow/dags
[2026-03-17T07:53:37.771+0000] {manager.py:740} INFO - There are 1 files in /opt/airflow/dags
[2026-03-17T07:53:37.874+0000] {manager.py:878} INFO - 
================================================================================
DAG File Processing Stats

File Path                                  PID  Runtime      # DAGs    # Errors  Last Runtime    Last Run
---------------------------------------  -----  ---------  --------  ----------  --------------  ----------
/opt/airflow/dags/pipeline_documents.py    165  0.02s             0           0
================================================================================
[2026-03-17T07:54:08.057+0000] {manager.py:878} INFO - 
================================================================================
DAG File Processing Stats

File Path                                  PID  Runtime      # DAGs    # Errors  Last Runtime    Last Run
---------------------------------------  -----  ---------  --------  ----------  --------------  -------------------
/opt/airflow/dags/pipeline_documents.py    170  0.00s             1           0  0.06s           2026-03-17T07:53:37
================================================================================
[2026-03-17T07:54:38.258+0000] {manager.py:878} INFO - 
================================================================================
DAG File Processing Stats

File Path                                  PID  Runtime      # DAGs    # Errors  Last Runtime    Last Run
---------------------------------------  -----  ---------  --------  ----------  --------------  -------------------
/opt/airflow/dags/pipeline_documents.py    175  0.00s             1           0  0.16s           2026-03-17T07:54:08
================================================================================
[2026-03-17T07:55:08.480+0000] {manager.py:878} INFO - 
================================================================================
DAG File Processing Stats

File Path                                  PID  Runtime      # DAGs    # Errors  Last Runtime    Last Run
---------------------------------------  -----  ---------  --------  ----------  --------------  -------------------
/opt/airflow/dags/pipeline_documents.py    180  0.01s             1           0  0.06s           2026-03-17T07:54:38
================================================================================
